┌ Error: Some duplicate column names detected in the header of c:\Users\pecci\Code\MACRO-dev\ExampleSystems\Dolphyn_3Zone_SmallNewEngland\Generators_data.csv: SubString{String}["LDS"].
│ Duplicate column names may cause errors, as only the first is used.
└ @ Dolphyn C:\Users\pecci\.julia\packages\Dolphyn\4rmyC\src\GenX\src\load_inputs\load_dataframe.jl:64
┌ Info: 2024-03-20 11:18:58 Reading H2 Input CSV Files
└ @ Dolphyn C:\Users\pecci\.julia\packages\Dolphyn\4rmyC\src\core\print_and_log.jl:29
┌ Info: 2024-03-20 11:18:58 HSC_load_data.csv Successfully Read!
└ @ Dolphyn C:\Users\pecci\.julia\packages\Dolphyn\4rmyC\src\core\print_and_log.jl:29
┌ Info: 2024-03-20 11:18:58 HSC_generators_variability.csv Successfully Read!
└ @ Dolphyn C:\Users\pecci\.julia\packages\Dolphyn\4rmyC\src\core\print_and_log.jl:29
┌ Info: 2024-03-20 11:18:59 HSC_g2p_variability.csv Successfully Read!
└ @ Dolphyn C:\Users\pecci\.julia\packages\Dolphyn\4rmyC\src\core\print_and_log.jl:29
┌ Info: 2024-03-20 11:18:59 HSC_CO2_cap.csv Successfully Read!
└ @ Dolphyn C:\Users\pecci\.julia\packages\Dolphyn\4rmyC\src\core\print_and_log.jl:29
┌ Info: 2024-03-20 11:18:59 HSC Input CSV Files Successfully Read In From c:\Users\pecci\Code\MACRO-dev\ExampleSystems\Dolphyn_3Zone_SmallNewEngland\
└ @ Dolphyn C:\Users\pecci\.julia\packages\Dolphyn\4rmyC\src\core\print_and_log.jl:29
┌ Info: Dolphyn data successfully read in into MACRO
└ @ Macro c:\Users\pecci\Code\MACRO-dev\src\input_translation\dolphyn_to_macro.jl:755
┌ Warning: MaxNonServedDemandConstraint required for a node that does not have a non-served demand variable so MACRO will not create this constraint
└ @ Macro c:\Users\pecci\Code\MACRO-dev\src\node.jl:90
┌ Warning: MaxNonServedDemandConstraint required for a node that does not have a non-served demand variable so MACRO will not create this constraint
└ @ Macro c:\Users\pecci\Code\MACRO-dev\src\node.jl:90
┌ Warning: MaxNonServedDemandConstraint required for a node that does not have a non-served demand variable so MACRO will not create this constraint
└ @ Macro c:\Users\pecci\Code\MACRO-dev\src\node.jl:90
┌ Warning: The addition operator has been used on JuMP expressions a large number of times. This warning is safe to ignore but may indicate that model generation is slower than necessary. For performance reasons, you should not add expressions in a loop. Instead of x += y, use add_to_expression!(x,y) to modify x in place. If y is a single variable, you may also use add_to_expression!(x, coef, y) for x += coef*y.
└ @ JuMP C:\Users\pecci\.julia\packages\JuMP\kSaGf\src\operators.jl:279
