┌ Error: Some duplicate column names detected in the header of c:\Users\pecci\Code\MACRO-dev\ExampleSystems\Dolphyn_3Zone_SmallNewEngland\Generators_data.csv: SubString{String}["LDS"].
│ Duplicate column names may cause errors, as only the first is used.
└ @ Dolphyn C:\Users\pecci\.julia\packages\Dolphyn\QyHqs\src\GenX\src\load_inputs\load_dataframe.jl:64
┌ Info: 2024-02-19 11:13:20 Reading H2 Input CSV Files
└ @ Dolphyn C:\Users\pecci\.julia\packages\Dolphyn\QyHqs\src\core\print_and_log.jl:29
┌ Info: 2024-02-19 11:13:20 HSC_load_data.csv Successfully Read!
└ @ Dolphyn C:\Users\pecci\.julia\packages\Dolphyn\QyHqs\src\core\print_and_log.jl:29
┌ Info: 2024-02-19 11:13:20 HSC_generators_variability.csv Successfully Read!
└ @ Dolphyn C:\Users\pecci\.julia\packages\Dolphyn\QyHqs\src\core\print_and_log.jl:29
┌ Info: 2024-02-19 11:13:20 HSC_pipelines.csv Successfully Read!
└ @ Dolphyn C:\Users\pecci\.julia\packages\Dolphyn\QyHqs\src\core\print_and_log.jl:29
┌ Info: 2024-02-19 11:13:20 HSC_zone_truck_distances_miles.csv Successfully Read!
└ @ Dolphyn C:\Users\pecci\.julia\packages\Dolphyn\QyHqs\src\core\print_and_log.jl:29
┌ Info: 2024-02-19 11:13:20 HSC_trucks.csv Successfully Read!
└ @ Dolphyn C:\Users\pecci\.julia\packages\Dolphyn\QyHqs\src\core\print_and_log.jl:29
┌ Info: 2024-02-19 11:13:20 HSC_g2p_variability.csv Successfully Read!
└ @ Dolphyn C:\Users\pecci\.julia\packages\Dolphyn\QyHqs\src\core\print_and_log.jl:29
┌ Info: 2024-02-19 11:13:20 HSC Input CSV Files Successfully Read In From c:\Users\pecci\Code\MACRO-dev\ExampleSystems\Dolphyn_3Zone_SmallNewEngland\
└ @ Dolphyn C:\Users\pecci\.julia\packages\Dolphyn\QyHqs\src\core\print_and_log.jl:29
┌ Info: Dolphyn data successfully read in into MACRO
└ @ Macro c:\Users\pecci\Code\MACRO-dev\src\input_translation\dolphyn_to_macro.jl:746
┌ Debug: getting prompt info failed
│   exception = (MethodError(REPL.LineEdit.write_prompt, (Base.TTY(Base.Libc.WindowsRawSocket(0x0000000000000280) open, 0 bytes waiting), "Prompt(\"julia> \",...)"), 0x0000000000007b61), Union{Ptr{Nothing}, Base.InterpreterIP}[Ptr{Nothing} @0x00007fffaa9ef54c, Ptr{Nothing} @0x00007fffaa9f67e5, Ptr{Nothing} @0x00007fffaa9f6a37, Ptr{Nothing} @0x00007fffaa9fb04d, Ptr{Nothing} @0x0000021d0404a91d, Ptr{Nothing} @0x0000021d0404ab7d, Ptr{Nothing} @0x0000021d0404c4cd, Ptr{Nothing} @0x0000021d0404c50b, Ptr{Nothing} @0x00007fff589dbcbb, Ptr{Nothing} @0x0000021d0404c294, Ptr{Nothing} @0x0000021d0404c39b, Ptr{Nothing} @0x00007fffaaa0695a, Ptr{Nothing} @0x0000021d1d3164be, Ptr{Nothing} @0x0000021d1d3164fb, Ptr{Nothing} @0x00007fffaaa08951, Ptr{Nothing} @0x0000021d1d2f950e, Ptr{Nothing} @0x0000021d1d2f9774, Ptr{Nothing} @0x00007fffaaa1bcbb])
└ @ VSCodeServer c:\Users\pecci\.vscode\extensions\julialang.language-julia-1.66.2\scripts\packages\VSCodeServer\src\eval.jl:165
┌ Debug: Skipping mtime check for file C:\workdir\usr\share\julia\stdlib\v1.10\LazyArtifacts\src\LazyArtifacts.jl used by C:\Users\pecci\.julia\juliaup\julia-1.10.0+0.x64.w64.mingw32\share\julia\compiled\v1.10\LazyArtifacts\MRP8l_BcAkB.ji, since it is a stdlib
└ @ Base loading.jl:3123
┌ Debug: Loading object cache file C:\Users\pecci\.julia\juliaup\julia-1.10.0+0.x64.w64.mingw32\share\julia\compiled\v1.10\LazyArtifacts\MRP8l_BcAkB.dll for LazyArtifacts [4af54fe1-eca0-43a8-85a7-787d91b784e3]
└ @ Base loading.jl:1051
┌ Debug: Loading object cache file C:\Users\pecci\.julia\compiled\v1.10\Gurobi\do9v6_XGWyH.dll for Gurobi [2e9cd046-0924-5485-92f1-d5272153d98b]
└ @ Base loading.jl:1051
┌ Debug: remote closed the connection
└ @ VSCodeServer c:\Users\pecci\.vscode\extensions\julialang.language-julia-1.66.2\scripts\packages\VSCodeServer\src\VSCodeServer.jl:157
┌ Debug: JSONRPC dispatcher task finished
└ @ VSCodeServer c:\Users\pecci\.vscode\extensions\julialang.language-julia-1.66.2\scripts\packages\VSCodeServer\src\VSCodeServer.jl:166
